2014-05-29 17:03:54,514 - Trying to use logger class org.apache.velocity.runtime.log.Log4JLogChute
2014-05-29 17:03:54,514 - Using logger class org.apache.velocity.runtime.log.Log4JLogChute
2014-05-29 17:03:54,518 - Default ResourceManager initializing. (class org.apache.velocity.runtime.resource.ResourceManagerImpl)
2014-05-29 17:03:54,521 - ResourceLoader instantiated: org.apache.velocity.runtime.resource.loader.ClasspathResourceLoader
2014-05-29 17:03:54,524 - ResourceCache: initialized (class org.apache.velocity.runtime.resource.ResourceCacheImpl)
2014-05-29 17:03:54,526 - Loaded System Directive: org.apache.velocity.runtime.directive.Literal
2014-05-29 17:03:54,527 - Loaded System Directive: org.apache.velocity.runtime.directive.Macro
2014-05-29 17:03:54,529 - Loaded System Directive: org.apache.velocity.runtime.directive.Parse
2014-05-29 17:03:54,531 - Loaded System Directive: org.apache.velocity.runtime.directive.Include
2014-05-29 17:03:54,532 - Loaded System Directive: org.apache.velocity.runtime.directive.Foreach
2014-05-29 17:03:54,660 - Created '20' parsers.
2014-05-29 17:03:54,667 - Velocimacro : "velocimacro.library" is not set.  Trying default library: VM_global_library.vm
2014-05-29 17:03:54,667 - Velocimacro : Default library not found.
2014-05-29 17:03:54,667 - Velocimacro : allowInline = true : VMs can be defined inline in templates
2014-05-29 17:03:54,667 - Velocimacro : allowInlineToOverride = false : VMs defined inline may NOT replace previous VM definitions
2014-05-29 17:03:54,667 - Velocimacro : allowInlineLocal = false : VMs defined inline will be global in scope if allowed.
2014-05-29 17:03:54,667 - Velocimacro : autoload off : VM system will not automatically reload global library macros
2014-05-30 09:19:49,452 - Log4JLogChute initialized using file 'velocity.log'
2014-05-30 09:19:49,466 - Starting Apache Velocity v1.5 (compiled: 2007-02-22 08:52:29)
2014-05-30 09:19:49,466 - Default Properties File: org\apache\velocity\runtime\defaults\velocity.properties
2014-05-30 09:19:49,466 - Trying to use logger class org.apache.velocity.runtime.log.AvalonLogChute
2014-05-30 09:19:49,468 - Couldn't find class org.apache.velocity.runtime.log.AvalonLogChute or necessary supporting classes in classpath.
java.lang.NoClassDefFoundError: org/apache/log/format/Formatter
	at java.lang.Class.forName0(Native Method)
	at java.lang.Class.forName(Class.java:247)
	at org.apache.velocity.util.ClassUtils.getClass(ClassUtils.java:63)
	at org.apache.velocity.util.ClassUtils.getNewInstance(ClassUtils.java:95)
	at org.apache.velocity.runtime.log.LogManager.createLogChute(LogManager.java:147)
	at org.apache.velocity.runtime.log.LogManager.updateLog(LogManager.java:208)
	at org.apache.velocity.runtime.RuntimeInstance.initializeLog(RuntimeInstance.java:728)
	at org.apache.velocity.runtime.RuntimeInstance.init(RuntimeInstance.java:240)
	at org.apache.velocity.runtime.RuntimeInstance.init(RuntimeInstance.java:534)
	at org.apache.velocity.app.VelocityEngine.init(VelocityEngine.java:144)
	at com.aspire.sims.rtplt.framework.ppm.MessageSender.<clinit>(MessageSender.java:31)
	at sun.reflect.NativeConstructorAccessorImpl.newInstance0(Native Method)
	at sun.reflect.NativeConstructorAccessorImpl.newInstance(NativeConstructorAccessorImpl.java:39)
	at sun.reflect.DelegatingConstructorAccessorImpl.newInstance(DelegatingConstructorAccessorImpl.java:27)
	at java.lang.reflect.Constructor.newInstance(Constructor.java:513)
	at org.springframework.beans.BeanUtils.instantiateClass(BeanUtils.java:85)
	at org.springframework.beans.factory.support.SimpleInstantiationStrategy.instantiate(SimpleInstantiationStrategy.java:61)
	at org.springframework.beans.factory.support.AbstractAutowireCapableBeanFactory.instantiateBean(AbstractAutowireCapableBeanFactory.java:757)
	at org.springframework.beans.factory.support.AbstractAutowireCapableBeanFactory.createBeanInstance(AbstractAutowireCapableBeanFactory.java:722)
	at org.springframework.beans.factory.support.AbstractAutowireCapableBeanFactory.createBean(AbstractAutowireCapableBeanFactory.java:386)
	at org.springframework.beans.factory.support.AbstractBeanFactory$1.getObject(AbstractBeanFactory.java:249)
	at org.springframework.beans.factory.support.DefaultSingletonBeanRegistry.getSingleton(DefaultSingletonBeanRegistry.java:155)
	at org.springframework.beans.factory.support.AbstractBeanFactory.getBean(AbstractBeanFactory.java:246)
	at org.springframework.beans.factory.support.AbstractBeanFactory.getBean(AbstractBeanFactory.java:160)
	at org.springframework.beans.factory.support.BeanDefinitionValueResolver.resolveReference(BeanDefinitionValueResolver.java:267)
	at org.springframework.beans.factory.support.BeanDefinitionValueResolver.resolveValueIfNecessary(BeanDefinitionValueResolver.java:110)
	at org.springframework.beans.factory.support.AbstractAutowireCapableBeanFactory.applyPropertyValues(AbstractAutowireCapableBeanFactory.java:1100)
	at org.springframework.beans.factory.support.AbstractAutowireCapableBeanFactory.populateBean(AbstractAutowireCapableBeanFactory.java:862)
	at org.springframework.beans.factory.support.AbstractAutowireCapableBeanFactory.createBean(AbstractAutowireCapableBeanFactory.java:423)
	at org.springframework.beans.factory.support.AbstractBeanFactory$1.getObject(AbstractBeanFactory.java:249)
	at org.springframework.beans.factory.support.DefaultSingletonBeanRegistry.getSingleton(DefaultSingletonBeanRegistry.java:155)
	at org.springframework.beans.factory.support.AbstractBeanFactory.getBean(AbstractBeanFactory.java:246)
	at org.springframework.beans.factory.support.AbstractBeanFactory.getBean(AbstractBeanFactory.java:160)
	at org.springframework.beans.factory.support.BeanDefinitionValueResolver.resolveReference(BeanDefinitionValueResolver.java:267)
	at org.springframework.beans.factory.support.BeanDefinitionValueResolver.resolveValueIfNecessary(BeanDefinitionValueResolver.java:110)
	at org.springframework.beans.factory.support.BeanDefinitionValueResolver.resolveManagedMap(BeanDefinitionValueResolver.java:320)
	at org.springframework.beans.factory.support.BeanDefinitionValueResolver.resolveValueIfNecessary(BeanDefinitionValueResolver.java:140)
	at org.springframework.beans.factory.support.AbstractAutowireCapableBeanFactory.applyPropertyValues(AbstractAutowireCapableBeanFactory.java:1100)
	at org.springframework.beans.factory.support.AbstractAutowireCapableBeanFactory.populateBean(AbstractAutowireCapableBeanFactory.java:862)
	at org.springframework.beans.factory.support.AbstractAutowireCapableBeanFactory.createBean(AbstractAutowireCapableBeanFactory.java:423)
	at org.springframework.beans.factory.support.AbstractBeanFactory$1.getObject(AbstractBeanFactory.java:249)
	at org.springframework.beans.factory.support.DefaultSingletonBeanRegistry.getSingleton(DefaultSingletonBeanRegistry.java:155)
	at org.springframework.beans.factory.support.AbstractBeanFactory.getBean(AbstractBeanFactory.java:246)
	at org.springframework.beans.factory.support.AbstractBeanFactory.getBean(AbstractBeanFactory.java:160)
	at org.springframework.beans.factory.support.DefaultListableBeanFactory.preInstantiateSingletons(DefaultListableBeanFactory.java:291)
	at org.springframework.context.support.AbstractApplicationContext.refresh(AbstractApplicationContext.java:352)
	at org.springframework.context.support.FileSystemXmlApplicationContext.<init>(FileSystemXmlApplicationContext.java:124)
	at org.springframework.context.support.FileSystemXmlApplicationContext.<init>(FileSystemXmlApplicationContext.java:68)
	at com.aspire.sims.rtplt.component.springhelper.BeanLocator.<init>(BeanLocator.java:119)
	at com.aspire.sims.rtplt.component.springhelper.BeanLocator.getInstance(BeanLocator.java:56)
	at com.aspire.sims.rtplt.component.security.util.AuthContextTimer.run(AuthContextTimer.java:34)
	at com.aspire.sims.rtplt.framework.portal.servlet.PortalInitServlet.initAuthContext(PortalInitServlet.java:146)
	at com.aspire.sims.rtplt.framework.portal.servlet.PortalInitServlet.init(PortalInitServlet.java:58)
	at javax.servlet.GenericServlet.init(GenericServlet.java:160)
	at org.apache.catalina.core.StandardWrapper.initServlet(StandardWrapper.java:1266)
	at org.apache.catalina.core.StandardWrapper.loadServlet(StandardWrapper.java:1185)
	at org.apache.catalina.core.StandardWrapper.load(StandardWrapper.java:1080)
	at org.apache.catalina.core.StandardContext.loadOnStartup(StandardContext.java:5027)
	at org.apache.catalina.core.StandardContext.startInternal(StandardContext.java:5314)
	at org.apache.catalina.util.LifecycleBase.start(LifecycleBase.java:150)
	at org.apache.catalina.core.ContainerBase$StartChild.call(ContainerBase.java:1559)
	at org.apache.catalina.core.ContainerBase$StartChild.call(ContainerBase.java:1549)
	at java.util.concurrent.FutureTask$Sync.innerRun(FutureTask.java:303)
	at java.util.concurrent.FutureTask.run(FutureTask.java:138)
	at java.util.concurrent.ThreadPoolExecutor$Worker.runTask(ThreadPoolExecutor.java:885)
	at java.util.concurrent.ThreadPoolExecutor$Worker.run(ThreadPoolExecutor.java:907)
	at java.lang.Thread.run(Thread.java:619)
2014-05-30 09:19:49,479 - Trying to use logger class org.apache.velocity.runtime.log.Log4JLogChute
2014-05-30 09:19:49,479 - Using logger class org.apache.velocity.runtime.log.Log4JLogChute
2014-05-30 09:19:49,486 - Default ResourceManager initializing. (class org.apache.velocity.runtime.resource.ResourceManagerImpl)
2014-05-30 09:19:49,491 - ResourceLoader instantiated: org.apache.velocity.runtime.resource.loader.ClasspathResourceLoader
2014-05-30 09:19:49,497 - ResourceCache: initialized (class org.apache.velocity.runtime.resource.ResourceCacheImpl)
2014-05-30 09:19:49,500 - Loaded System Directive: org.apache.velocity.runtime.directive.Literal
2014-05-30 09:19:49,504 - Loaded System Directive: org.apache.velocity.runtime.directive.Macro
2014-05-30 09:19:49,508 - Loaded System Directive: org.apache.velocity.runtime.directive.Parse
2014-05-30 09:19:49,512 - Loaded System Directive: org.apache.velocity.runtime.directive.Include
2014-05-30 09:19:49,514 - Loaded System Directive: org.apache.velocity.runtime.directive.Foreach
2014-05-30 09:19:49,637 - Created '20' parsers.
2014-05-30 09:19:49,644 - Velocimacro : "velocimacro.library" is not set.  Trying default library: VM_global_library.vm
2014-05-30 09:19:49,644 - Velocimacro : Default library not found.
2014-05-30 09:19:49,645 - Velocimacro : allowInline = true : VMs can be defined inline in templates
2014-05-30 09:19:49,645 - Velocimacro : allowInlineToOverride = false : VMs defined inline may NOT replace previous VM definitions
2014-05-30 09:19:49,645 - Velocimacro : allowInlineLocal = false : VMs defined inline will be global in scope if allowed.
2014-05-30 09:19:49,645 - Velocimacro : autoload off : VM system will not automatically reload global library macros
2014-06-03 11:02:27,112 - Log4JLogChute initialized using file 'velocity.log'
2014-06-03 11:02:27,128 - Starting Apache Velocity v1.5 (compiled: 2007-02-22 08:52:29)
2014-06-03 11:02:27,128 - Default Properties File: org\apache\velocity\runtime\defaults\velocity.properties
2014-06-03 11:02:27,128 - Trying to use logger class org.apache.velocity.runtime.log.AvalonLogChute
2014-06-03 11:02:27,129 - Couldn't find class org.apache.velocity.runtime.log.AvalonLogChute or necessary supporting classes in classpath.
java.lang.NoClassDefFoundError: org/apache/log/format/Formatter
	at java.lang.Class.forName0(Native Method)
	at java.lang.Class.forName(Class.java:247)
	at org.apache.velocity.util.ClassUtils.getClass(ClassUtils.java:63)
	at org.apache.velocity.util.ClassUtils.getNewInstance(ClassUtils.java:95)
	at org.apache.velocity.runtime.log.LogManager.createLogChute(LogManager.java:147)
	at org.apache.velocity.runtime.log.LogManager.updateLog(LogManager.java:208)
	at org.apache.velocity.runtime.RuntimeInstance.initializeLog(RuntimeInstance.java:728)
	at org.apache.velocity.runtime.RuntimeInstance.init(RuntimeInstance.java:240)
	at org.apache.velocity.runtime.RuntimeInstance.init(RuntimeInstance.java:534)
	at org.apache.velocity.app.VelocityEngine.init(VelocityEngine.java:144)
	at com.aspire.sims.rtplt.framework.ppm.MessageSender.<clinit>(MessageSender.java:31)
	at sun.reflect.NativeConstructorAccessorImpl.newInstance0(Native Method)
	at sun.reflect.NativeConstructorAccessorImpl.newInstance(NativeConstructorAccessorImpl.java:39)
	at sun.reflect.DelegatingConstructorAccessorImpl.newInstance(DelegatingConstructorAccessorImpl.java:27)
	at java.lang.reflect.Constructor.newInstance(Constructor.java:513)
	at org.springframework.beans.BeanUtils.instantiateClass(BeanUtils.java:85)
	at org.springframework.beans.factory.support.SimpleInstantiationStrategy.instantiate(SimpleInstantiationStrategy.java:61)
	at org.springframework.beans.factory.support.AbstractAutowireCapableBeanFactory.instantiateBean(AbstractAutowireCapableBeanFactory.java:757)
	at org.springframework.beans.factory.support.AbstractAutowireCapableBeanFactory.createBeanInstance(AbstractAutowireCapableBeanFactory.java:722)
	at org.springframework.beans.factory.support.AbstractAutowireCapableBeanFactory.createBean(AbstractAutowireCapableBeanFactory.java:386)
	at org.springframework.beans.factory.support.AbstractBeanFactory$1.getObject(AbstractBeanFactory.java:249)
	at org.springframework.beans.factory.support.DefaultSingletonBeanRegistry.getSingleton(DefaultSingletonBeanRegistry.java:155)
	at org.springframework.beans.factory.support.AbstractBeanFactory.getBean(AbstractBeanFactory.java:246)
	at org.springframework.beans.factory.support.AbstractBeanFactory.getBean(AbstractBeanFactory.java:160)
	at org.springframework.beans.factory.support.BeanDefinitionValueResolver.resolveReference(BeanDefinitionValueResolver.java:267)
	at org.springframework.beans.factory.support.BeanDefinitionValueResolver.resolveValueIfNecessary(BeanDefinitionValueResolver.java:110)
	at org.springframework.beans.factory.support.AbstractAutowireCapableBeanFactory.applyPropertyValues(AbstractAutowireCapableBeanFactory.java:1100)
	at org.springframework.beans.factory.support.AbstractAutowireCapableBeanFactory.populateBean(AbstractAutowireCapableBeanFactory.java:862)
	at org.springframework.beans.factory.support.AbstractAutowireCapableBeanFactory.createBean(AbstractAutowireCapableBeanFactory.java:423)
	at org.springframework.beans.factory.support.AbstractBeanFactory$1.getObject(AbstractBeanFactory.java:249)
	at org.springframework.beans.factory.support.DefaultSingletonBeanRegistry.getSingleton(DefaultSingletonBeanRegistry.java:155)
	at org.springframework.beans.factory.support.AbstractBeanFactory.getBean(AbstractBeanFactory.java:246)
	at org.springframework.beans.factory.support.AbstractBeanFactory.getBean(AbstractBeanFactory.java:160)
	at org.springframework.beans.factory.support.BeanDefinitionValueResolver.resolveReference(BeanDefinitionValueResolver.java:267)
	at org.springframework.beans.factory.support.BeanDefinitionValueResolver.resolveValueIfNecessary(BeanDefinitionValueResolver.java:110)
	at org.springframework.beans.factory.support.BeanDefinitionValueResolver.resolveManagedMap(BeanDefinitionValueResolver.java:320)
	at org.springframework.beans.factory.support.BeanDefinitionValueResolver.resolveValueIfNecessary(BeanDefinitionValueResolver.java:140)
	at org.springframework.beans.factory.support.AbstractAutowireCapableBeanFactory.applyPropertyValues(AbstractAutowireCapableBeanFactory.java:1100)
	at org.springframework.beans.factory.support.AbstractAutowireCapableBeanFactory.populateBean(AbstractAutowireCapableBeanFactory.java:862)
	at org.springframework.beans.factory.support.AbstractAutowireCapableBeanFactory.createBean(AbstractAutowireCapableBeanFactory.java:423)
	at org.springframework.beans.factory.support.AbstractBeanFactory$1.getObject(AbstractBeanFactory.java:249)
	at org.springframework.beans.factory.support.DefaultSingletonBeanRegistry.getSingleton(DefaultSingletonBeanRegistry.java:155)
	at org.springframework.beans.factory.support.AbstractBeanFactory.getBean(AbstractBeanFactory.java:246)
	at org.springframework.beans.factory.support.AbstractBeanFactory.getBean(AbstractBeanFactory.java:160)
	at org.springframework.beans.factory.support.DefaultListableBeanFactory.preInstantiateSingletons(DefaultListableBeanFactory.java:291)
	at org.springframework.context.support.AbstractApplicationContext.refresh(AbstractApplicationContext.java:352)
	at org.springframework.context.support.FileSystemXmlApplicationContext.<init>(FileSystemXmlApplicationContext.java:124)
	at org.springframework.context.support.FileSystemXmlApplicationContext.<init>(FileSystemXmlApplicationContext.java:68)
	at com.aspire.sims.rtplt.component.springhelper.BeanLocator.<init>(BeanLocator.java:119)
	at com.aspire.sims.rtplt.component.springhelper.BeanLocator.getInstance(BeanLocator.java:56)
	at com.aspire.sims.rtplt.component.security.util.AuthContextTimer.run(AuthContextTimer.java:34)
	at com.aspire.sims.rtplt.framework.portal.servlet.PortalInitServlet.initAuthContext(PortalInitServlet.java:146)
	at com.aspire.sims.rtplt.framework.portal.servlet.PortalInitServlet.init(PortalInitServlet.java:58)
	at javax.servlet.GenericServlet.init(GenericServlet.java:160)
	at org.apache.catalina.core.StandardWrapper.initServlet(StandardWrapper.java:1266)
	at org.apache.catalina.core.StandardWrapper.loadServlet(StandardWrapper.java:1185)
	at org.apache.catalina.core.StandardWrapper.load(StandardWrapper.java:1080)
	at org.apache.catalina.core.StandardContext.loadOnStartup(StandardContext.java:5027)
	at org.apache.catalina.core.StandardContext.startInternal(StandardContext.java:5314)
	at org.apache.catalina.util.LifecycleBase.start(LifecycleBase.java:150)
	at org.apache.catalina.core.ContainerBase$StartChild.call(ContainerBase.java:1559)
	at org.apache.catalina.core.ContainerBase$StartChild.call(ContainerBase.java:1549)
	at java.util.concurrent.FutureTask$Sync.innerRun(FutureTask.java:303)
	at java.util.concurrent.FutureTask.run(FutureTask.java:138)
	at java.util.concurrent.ThreadPoolExecutor$Worker.runTask(ThreadPoolExecutor.java:885)
	at java.util.concurrent.ThreadPoolExecutor$Worker.run(ThreadPoolExecutor.java:907)
	at java.lang.Thread.run(Thread.java:619)
2014-06-03 11:02:27,130 - Trying to use logger class org.apache.velocity.runtime.log.Log4JLogChute
2014-06-03 11:02:27,130 - Using logger class org.apache.velocity.runtime.log.Log4JLogChute
2014-06-03 11:02:27,133 - Default ResourceManager initializing. (class org.apache.velocity.runtime.resource.ResourceManagerImpl)
2014-06-03 11:02:27,135 - ResourceLoader instantiated: org.apache.velocity.runtime.resource.loader.ClasspathResourceLoader
2014-06-03 11:02:27,158 - ResourceCache: initialized (class org.apache.velocity.runtime.resource.ResourceCacheImpl)
2014-06-03 11:02:27,159 - Loaded System Directive: org.apache.velocity.runtime.directive.Literal
2014-06-03 11:02:27,161 - Loaded System Directive: org.apache.velocity.runtime.directive.Macro
2014-06-03 11:02:27,163 - Loaded System Directive: org.apache.velocity.runtime.directive.Parse
2014-06-03 11:02:27,164 - Loaded System Directive: org.apache.velocity.runtime.directive.Include
2014-06-03 11:02:27,165 - Loaded System Directive: org.apache.velocity.runtime.directive.Foreach
2014-06-03 11:02:27,287 - Created '20' parsers.
2014-06-03 11:02:27,294 - Velocimacro : "velocimacro.library" is not set.  Trying default library: VM_global_library.vm
2014-06-03 11:02:27,294 - Velocimacro : Default library not found.
2014-06-03 11:02:27,294 - Velocimacro : allowInline = true : VMs can be defined inline in templates
2014-06-03 11:02:27,294 - Velocimacro : allowInlineToOverride = false : VMs defined inline may NOT replace previous VM definitions
2014-06-03 11:02:27,294 - Velocimacro : allowInlineLocal = false : VMs defined inline will be global in scope if allowed.
2014-06-03 11:02:27,294 - Velocimacro : autoload off : VM system will not automatically reload global library macros
2014-06-04 13:23:55,165 - Log4JLogChute initialized using file 'velocity.log'
2014-06-04 13:23:55,177 - Starting Apache Velocity v1.5 (compiled: 2007-02-22 08:52:29)
2014-06-04 13:23:55,177 - Default Properties File: org\apache\velocity\runtime\defaults\velocity.properties
2014-06-04 13:23:55,177 - Trying to use logger class org.apache.velocity.runtime.log.AvalonLogChute
2014-06-04 13:23:55,178 - Couldn't find class org.apache.velocity.runtime.log.AvalonLogChute or necessary supporting classes in classpath.
java.lang.NoClassDefFoundError: org/apache/log/format/Formatter
	at java.lang.Class.forName0(Native Method)
	at java.lang.Class.forName(Class.java:247)
	at org.apache.velocity.util.ClassUtils.getClass(ClassUtils.java:63)
	at org.apache.velocity.util.ClassUtils.getNewInstance(ClassUtils.java:95)
	at org.apache.velocity.runtime.log.LogManager.createLogChute(LogManager.java:147)
	at org.apache.velocity.runtime.log.LogManager.updateLog(LogManager.java:208)
	at org.apache.velocity.runtime.RuntimeInstance.initializeLog(RuntimeInstance.java:728)
	at org.apache.velocity.runtime.RuntimeInstance.init(RuntimeInstance.java:240)
	at org.apache.velocity.runtime.RuntimeInstance.init(RuntimeInstance.java:534)
	at org.apache.velocity.app.VelocityEngine.init(VelocityEngine.java:144)
	at com.aspire.sims.rtplt.framework.ppm.MessageSender.<clinit>(MessageSender.java:31)
	at sun.reflect.NativeConstructorAccessorImpl.newInstance0(Native Method)
	at sun.reflect.NativeConstructorAccessorImpl.newInstance(NativeConstructorAccessorImpl.java:39)
	at sun.reflect.DelegatingConstructorAccessorImpl.newInstance(DelegatingConstructorAccessorImpl.java:27)
	at java.lang.reflect.Constructor.newInstance(Constructor.java:513)
	at org.springframework.beans.BeanUtils.instantiateClass(BeanUtils.java:85)
	at org.springframework.beans.factory.support.SimpleInstantiationStrategy.instantiate(SimpleInstantiationStrategy.java:61)
	at org.springframework.beans.factory.support.AbstractAutowireCapableBeanFactory.instantiateBean(AbstractAutowireCapableBeanFactory.java:757)
	at org.springframework.beans.factory.support.AbstractAutowireCapableBeanFactory.createBeanInstance(AbstractAutowireCapableBeanFactory.java:722)
	at org.springframework.beans.factory.support.AbstractAutowireCapableBeanFactory.createBean(AbstractAutowireCapableBeanFactory.java:386)
	at org.springframework.beans.factory.support.AbstractBeanFactory$1.getObject(AbstractBeanFactory.java:249)
	at org.springframework.beans.factory.support.DefaultSingletonBeanRegistry.getSingleton(DefaultSingletonBeanRegistry.java:155)
	at org.springframework.beans.factory.support.AbstractBeanFactory.getBean(AbstractBeanFactory.java:246)
	at org.springframework.beans.factory.support.AbstractBeanFactory.getBean(AbstractBeanFactory.java:160)
	at org.springframework.beans.factory.support.BeanDefinitionValueResolver.resolveReference(BeanDefinitionValueResolver.java:267)
	at org.springframework.beans.factory.support.BeanDefinitionValueResolver.resolveValueIfNecessary(BeanDefinitionValueResolver.java:110)
	at org.springframework.beans.factory.support.AbstractAutowireCapableBeanFactory.applyPropertyValues(AbstractAutowireCapableBeanFactory.java:1100)
	at org.springframework.beans.factory.support.AbstractAutowireCapableBeanFactory.populateBean(AbstractAutowireCapableBeanFactory.java:862)
	at org.springframework.beans.factory.support.AbstractAutowireCapableBeanFactory.createBean(AbstractAutowireCapableBeanFactory.java:423)
	at org.springframework.beans.factory.support.AbstractBeanFactory$1.getObject(AbstractBeanFactory.java:249)
	at org.springframework.beans.factory.support.DefaultSingletonBeanRegistry.getSingleton(DefaultSingletonBeanRegistry.java:155)
	at org.springframework.beans.factory.support.AbstractBeanFactory.getBean(AbstractBeanFactory.java:246)
	at org.springframework.beans.factory.support.AbstractBeanFactory.getBean(AbstractBeanFactory.java:160)
	at org.springframework.beans.factory.support.BeanDefinitionValueResolver.resolveReference(BeanDefinitionValueResolver.java:267)
	at org.springframework.beans.factory.support.BeanDefinitionValueResolver.resolveValueIfNecessary(BeanDefinitionValueResolver.java:110)
	at org.springframework.beans.factory.support.BeanDefinitionValueResolver.resolveManagedMap(BeanDefinitionValueResolver.java:320)
	at org.springframework.beans.factory.support.BeanDefinitionValueResolver.resolveValueIfNecessary(BeanDefinitionValueResolver.java:140)
	at org.springframework.beans.factory.support.AbstractAutowireCapableBeanFactory.applyPropertyValues(AbstractAutowireCapableBeanFactory.java:1100)
	at org.springframework.beans.factory.support.AbstractAutowireCapableBeanFactory.populateBean(AbstractAutowireCapableBeanFactory.java:862)
	at org.springframework.beans.factory.support.AbstractAutowireCapableBeanFactory.createBean(AbstractAutowireCapableBeanFactory.java:423)
	at org.springframework.beans.factory.support.AbstractBeanFactory$1.getObject(AbstractBeanFactory.java:249)
	at org.springframework.beans.factory.support.DefaultSingletonBeanRegistry.getSingleton(DefaultSingletonBeanRegistry.java:155)
	at org.springframework.beans.factory.support.AbstractBeanFactory.getBean(AbstractBeanFactory.java:246)
	at org.springframework.beans.factory.support.AbstractBeanFactory.getBean(AbstractBeanFactory.java:160)
	at org.springframework.beans.factory.support.DefaultListableBeanFactory.preInstantiateSingletons(DefaultListableBeanFactory.java:291)
	at org.springframework.context.support.AbstractApplicationContext.refresh(AbstractApplicationContext.java:352)
	at org.springframework.context.support.FileSystemXmlApplicationContext.<init>(FileSystemXmlApplicationContext.java:124)
	at org.springframework.context.support.FileSystemXmlApplicationContext.<init>(FileSystemXmlApplicationContext.java:68)
	at com.aspire.sims.rtplt.component.springhelper.BeanLocator.<init>(BeanLocator.java:119)
	at com.aspire.sims.rtplt.component.springhelper.BeanLocator.getInstance(BeanLocator.java:56)
	at com.aspire.sims.rtplt.component.security.util.AuthContextTimer.run(AuthContextTimer.java:34)
	at com.aspire.sims.rtplt.framework.portal.servlet.PortalInitServlet.initAuthContext(PortalInitServlet.java:146)
	at com.aspire.sims.rtplt.framework.portal.servlet.PortalInitServlet.init(PortalInitServlet.java:58)
	at javax.servlet.GenericServlet.init(GenericServlet.java:160)
	at org.apache.catalina.core.StandardWrapper.initServlet(StandardWrapper.java:1266)
	at org.apache.catalina.core.StandardWrapper.loadServlet(StandardWrapper.java:1185)
	at org.apache.catalina.core.StandardWrapper.load(StandardWrapper.java:1080)
	at org.apache.catalina.core.StandardContext.loadOnStartup(StandardContext.java:5027)
	at org.apache.catalina.core.StandardContext.startInternal(StandardContext.java:5314)
	at org.apache.catalina.util.LifecycleBase.start(LifecycleBase.java:150)
	at org.apache.catalina.core.ContainerBase$StartChild.call(ContainerBase.java:1559)
	at org.apache.catalina.core.ContainerBase$StartChild.call(ContainerBase.java:1549)
	at java.util.concurrent.FutureTask$Sync.innerRun(FutureTask.java:303)
	at java.util.concurrent.FutureTask.run(FutureTask.java:138)
	at java.util.concurrent.ThreadPoolExecutor$Worker.runTask(ThreadPoolExecutor.java:885)
	at java.util.concurrent.ThreadPoolExecutor$Worker.run(ThreadPoolExecutor.java:907)
	at java.lang.Thread.run(Thread.java:619)
2014-06-04 13:23:55,179 - Trying to use logger class org.apache.velocity.runtime.log.Log4JLogChute
2014-06-04 13:23:55,179 - Using logger class org.apache.velocity.runtime.log.Log4JLogChute
2014-06-04 13:23:55,181 - Default ResourceManager initializing. (class org.apache.velocity.runtime.resource.ResourceManagerImpl)
2014-06-04 13:23:55,184 - ResourceLoader instantiated: org.apache.velocity.runtime.resource.loader.ClasspathResourceLoader
2014-06-04 13:23:55,234 - ResourceCache: initialized (class org.apache.velocity.runtime.resource.ResourceCacheImpl)
2014-06-04 13:23:55,237 - Loaded System Directive: org.apache.velocity.runtime.directive.Literal
2014-06-04 13:23:55,246 - Loaded System Directive: org.apache.velocity.runtime.directive.Macro
2014-06-04 13:23:55,251 - Loaded System Directive: org.apache.velocity.runtime.directive.Parse
2014-06-04 13:23:55,254 - Loaded System Directive: org.apache.velocity.runtime.directive.Include
2014-06-04 13:23:55,257 - Loaded System Directive: org.apache.velocity.runtime.directive.Foreach
2014-06-04 13:23:55,416 - Created '20' parsers.
2014-06-04 13:23:55,422 - Velocimacro : "velocimacro.library" is not set.  Trying default library: VM_global_library.vm
2014-06-04 13:23:55,423 - Velocimacro : Default library not found.
2014-06-04 13:23:55,423 - Velocimacro : allowInline = true : VMs can be defined inline in templates
2014-06-04 13:23:55,423 - Velocimacro : allowInlineToOverride = false : VMs defined inline may NOT replace previous VM definitions
2014-06-04 13:23:55,423 - Velocimacro : allowInlineLocal = false : VMs defined inline will be global in scope if allowed.
2014-06-04 13:23:55,423 - Velocimacro : autoload off : VM system will not automatically reload global library macros
2014-06-04 13:48:23,835 - Log4JLogChute initialized using file 'velocity.log'
2014-06-04 13:48:23,835 - Starting Apache Velocity v1.5 (compiled: 2007-02-22 08:52:29)
2014-06-04 13:48:23,835 - Default Properties File: org\apache\velocity\runtime\defaults\velocity.properties
2014-06-04 13:48:23,835 - Trying to use logger class org.apache.velocity.runtime.log.AvalonLogChute
2014-06-04 13:48:23,836 - Couldn't find class org.apache.velocity.runtime.log.AvalonLogChute or necessary supporting classes in classpath.
java.lang.NoClassDefFoundError: org/apache/log/format/Formatter
	at java.lang.Class.forName0(Native Method)
	at java.lang.Class.forName(Class.java:247)
	at org.apache.velocity.util.ClassUtils.getClass(ClassUtils.java:63)
	at org.apache.velocity.util.ClassUtils.getNewInstance(ClassUtils.java:95)
	at org.apache.velocity.runtime.log.LogManager.createLogChute(LogManager.java:147)
	at org.apache.velocity.runtime.log.LogManager.updateLog(LogManager.java:208)
	at org.apache.velocity.runtime.RuntimeInstance.initializeLog(RuntimeInstance.java:728)
	at org.apache.velocity.runtime.RuntimeInstance.init(RuntimeInstance.java:240)
	at org.apache.velocity.runtime.RuntimeInstance.init(RuntimeInstance.java:534)
	at org.apache.velocity.app.VelocityEngine.init(VelocityEngine.java:144)
	at com.aspire.sims.rtplt.framework.ppm.MessageSender.<clinit>(MessageSender.java:31)
	at sun.reflect.NativeConstructorAccessorImpl.newInstance0(Native Method)
	at sun.reflect.NativeConstructorAccessorImpl.newInstance(NativeConstructorAccessorImpl.java:39)
	at sun.reflect.DelegatingConstructorAccessorImpl.newInstance(DelegatingConstructorAccessorImpl.java:27)
	at java.lang.reflect.Constructor.newInstance(Constructor.java:513)
	at org.springframework.beans.BeanUtils.instantiateClass(BeanUtils.java:85)
	at org.springframework.beans.factory.support.SimpleInstantiationStrategy.instantiate(SimpleInstantiationStrategy.java:61)
	at org.springframework.beans.factory.support.AbstractAutowireCapableBeanFactory.instantiateBean(AbstractAutowireCapableBeanFactory.java:757)
	at org.springframework.beans.factory.support.AbstractAutowireCapableBeanFactory.createBeanInstance(AbstractAutowireCapableBeanFactory.java:722)
	at org.springframework.beans.factory.support.AbstractAutowireCapableBeanFactory.createBean(AbstractAutowireCapableBeanFactory.java:386)
	at org.springframework.beans.factory.support.AbstractBeanFactory$1.getObject(AbstractBeanFactory.java:249)
	at org.springframework.beans.factory.support.DefaultSingletonBeanRegistry.getSingleton(DefaultSingletonBeanRegistry.java:155)
	at org.springframework.beans.factory.support.AbstractBeanFactory.getBean(AbstractBeanFactory.java:246)
	at org.springframework.beans.factory.support.AbstractBeanFactory.getBean(AbstractBeanFactory.java:160)
	at org.springframework.beans.factory.support.BeanDefinitionValueResolver.resolveReference(BeanDefinitionValueResolver.java:267)
	at org.springframework.beans.factory.support.BeanDefinitionValueResolver.resolveValueIfNecessary(BeanDefinitionValueResolver.java:110)
	at org.springframework.beans.factory.support.AbstractAutowireCapableBeanFactory.applyPropertyValues(AbstractAutowireCapableBeanFactory.java:1100)
	at org.springframework.beans.factory.support.AbstractAutowireCapableBeanFactory.populateBean(AbstractAutowireCapableBeanFactory.java:862)
	at org.springframework.beans.factory.support.AbstractAutowireCapableBeanFactory.createBean(AbstractAutowireCapableBeanFactory.java:423)
	at org.springframework.beans.factory.support.AbstractBeanFactory$1.getObject(AbstractBeanFactory.java:249)
	at org.springframework.beans.factory.support.DefaultSingletonBeanRegistry.getSingleton(DefaultSingletonBeanRegistry.java:155)
	at org.springframework.beans.factory.support.AbstractBeanFactory.getBean(AbstractBeanFactory.java:246)
	at org.springframework.beans.factory.support.AbstractBeanFactory.getBean(AbstractBeanFactory.java:160)
	at org.springframework.beans.factory.support.BeanDefinitionValueResolver.resolveReference(BeanDefinitionValueResolver.java:267)
	at org.springframework.beans.factory.support.BeanDefinitionValueResolver.resolveValueIfNecessary(BeanDefinitionValueResolver.java:110)
	at org.springframework.beans.factory.support.BeanDefinitionValueResolver.resolveManagedMap(BeanDefinitionValueResolver.java:320)
	at org.springframework.beans.factory.support.BeanDefinitionValueResolver.resolveValueIfNecessary(BeanDefinitionValueResolver.java:140)
	at org.springframework.beans.factory.support.AbstractAutowireCapableBeanFactory.applyPropertyValues(AbstractAutowireCapableBeanFactory.java:1100)
	at org.springframework.beans.factory.support.AbstractAutowireCapableBeanFactory.populateBean(AbstractAutowireCapableBeanFactory.java:862)
	at org.springframework.beans.factory.support.AbstractAutowireCapableBeanFactory.createBean(AbstractAutowireCapableBeanFactory.java:423)
	at org.springframework.beans.factory.support.AbstractBeanFactory$1.getObject(AbstractBeanFactory.java:249)
	at org.springframework.beans.factory.support.DefaultSingletonBeanRegistry.getSingleton(DefaultSingletonBeanRegistry.java:155)
	at org.springframework.beans.factory.support.AbstractBeanFactory.getBean(AbstractBeanFactory.java:246)
	at org.springframework.beans.factory.support.AbstractBeanFactory.getBean(AbstractBeanFactory.java:160)
	at org.springframework.beans.factory.support.DefaultListableBeanFactory.preInstantiateSingletons(DefaultListableBeanFactory.java:291)
	at org.springframework.context.support.AbstractApplicationContext.refresh(AbstractApplicationContext.java:352)
	at org.springframework.context.support.FileSystemXmlApplicationContext.<init>(FileSystemXmlApplicationContext.java:124)
	at org.springframework.context.support.FileSystemXmlApplicationContext.<init>(FileSystemXmlApplicationContext.java:68)
	at com.aspire.sims.rtplt.component.springhelper.BeanLocator.<init>(BeanLocator.java:119)
	at com.aspire.sims.rtplt.component.springhelper.BeanLocator.getInstance(BeanLocator.java:56)
	at com.aspire.sims.rtplt.component.security.util.AuthContextTimer.run(AuthContextTimer.java:34)
	at com.aspire.sims.rtplt.framework.portal.servlet.PortalInitServlet.initAuthContext(PortalInitServlet.java:146)
	at com.aspire.sims.rtplt.framework.portal.servlet.PortalInitServlet.init(PortalInitServlet.java:58)
	at javax.servlet.GenericServlet.init(GenericServlet.java:160)
	at org.apache.catalina.core.StandardWrapper.initServlet(StandardWrapper.java:1266)
	at org.apache.catalina.core.StandardWrapper.loadServlet(StandardWrapper.java:1185)
	at org.apache.catalina.core.StandardWrapper.load(StandardWrapper.java:1080)
	at org.apache.catalina.core.StandardContext.loadOnStartup(StandardContext.java:5027)
	at org.apache.catalina.core.StandardContext.startInternal(StandardContext.java:5314)
	at org.apache.catalina.util.LifecycleBase.start(LifecycleBase.java:150)
	at org.apache.catalina.core.ContainerBase$StartChild.call(ContainerBase.java:1559)
	at org.apache.catalina.core.ContainerBase$StartChild.call(ContainerBase.java:1549)
	at java.util.concurrent.FutureTask$Sync.innerRun(FutureTask.java:303)
	at java.util.concurrent.FutureTask.run(FutureTask.java:138)
	at java.util.concurrent.ThreadPoolExecutor$Worker.runTask(ThreadPoolExecutor.java:885)
	at java.util.concurrent.ThreadPoolExecutor$Worker.run(ThreadPoolExecutor.java:907)
	at java.lang.Thread.run(Thread.java:619)
2014-06-04 13:48:23,839 - Trying to use logger class org.apache.velocity.runtime.log.Log4JLogChute
2014-06-04 13:48:23,840 - Using logger class org.apache.velocity.runtime.log.Log4JLogChute
2014-06-04 13:48:23,842 - Default ResourceManager initializing. (class org.apache.velocity.runtime.resource.ResourceManagerImpl)
2014-06-04 13:48:23,844 - ResourceLoader instantiated: org.apache.velocity.runtime.resource.loader.ClasspathResourceLoader
2014-06-04 13:48:23,911 - ResourceCache: initialized (class org.apache.velocity.runtime.resource.ResourceCacheImpl)
2014-06-04 13:48:23,912 - Loaded System Directive: org.apache.velocity.runtime.directive.Literal
2014-06-04 13:48:23,914 - Loaded System Directive: org.apache.velocity.runtime.directive.Macro
2014-06-04 13:48:23,916 - Loaded System Directive: org.apache.velocity.runtime.directive.Parse
2014-06-04 13:48:23,918 - Loaded System Directive: org.apache.velocity.runtime.directive.Include
2014-06-04 13:48:23,919 - Loaded System Directive: org.apache.velocity.runtime.directive.Foreach
2014-06-04 13:48:24,056 - Created '20' parsers.
2014-06-04 13:48:24,063 - Velocimacro : "velocimacro.library" is not set.  Trying default library: VM_global_library.vm
2014-06-04 13:48:24,064 - Velocimacro : Default library not found.
2014-06-04 13:48:24,064 - Velocimacro : allowInline = true : VMs can be defined inline in templates
2014-06-04 13:48:24,064 - Velocimacro : allowInlineToOverride = false : VMs defined inline may NOT replace previous VM definitions
2014-06-04 13:48:24,064 - Velocimacro : allowInlineLocal = false : VMs defined inline will be global in scope if allowed.
2014-06-04 13:48:24,064 - Velocimacro : autoload off : VM system will not automatically reload global library macros
2014-06-04 17:11:20,237 - Log4JLogChute initialized using file 'velocity.log'
2014-06-04 17:11:20,238 - Starting Apache Velocity v1.5 (compiled: 2007-02-22 08:52:29)
2014-06-04 17:11:20,238 - Default Properties File: org\apache\velocity\runtime\defaults\velocity.properties
2014-06-04 17:11:20,238 - Trying to use logger class org.apache.velocity.runtime.log.AvalonLogChute
2014-06-04 17:11:20,238 - Couldn't find class org.apache.velocity.runtime.log.AvalonLogChute or necessary supporting classes in classpath.
java.lang.NoClassDefFoundError: org/apache/log/format/Formatter
	at java.lang.Class.forName0(Native Method)
	at java.lang.Class.forName(Class.java:247)
	at org.apache.velocity.util.ClassUtils.getClass(ClassUtils.java:63)
	at org.apache.velocity.util.ClassUtils.getNewInstance(ClassUtils.java:95)
	at org.apache.velocity.runtime.log.LogManager.createLogChute(LogManager.java:147)
	at org.apache.velocity.runtime.log.LogManager.updateLog(LogManager.java:208)
	at org.apache.velocity.runtime.RuntimeInstance.initializeLog(RuntimeInstance.java:728)
	at org.apache.velocity.runtime.RuntimeInstance.init(RuntimeInstance.java:240)
	at org.apache.velocity.runtime.RuntimeInstance.init(RuntimeInstance.java:534)
	at org.apache.velocity.app.VelocityEngine.init(VelocityEngine.java:144)
	at com.aspire.sims.rtplt.framework.ppm.MessageSender.<clinit>(MessageSender.java:31)
	at sun.reflect.NativeConstructorAccessorImpl.newInstance0(Native Method)
	at sun.reflect.NativeConstructorAccessorImpl.newInstance(NativeConstructorAccessorImpl.java:39)
	at sun.reflect.DelegatingConstructorAccessorImpl.newInstance(DelegatingConstructorAccessorImpl.java:27)
	at java.lang.reflect.Constructor.newInstance(Constructor.java:513)
	at org.springframework.beans.BeanUtils.instantiateClass(BeanUtils.java:85)
	at org.springframework.beans.factory.support.SimpleInstantiationStrategy.instantiate(SimpleInstantiationStrategy.java:61)
	at org.springframework.beans.factory.support.AbstractAutowireCapableBeanFactory.instantiateBean(AbstractAutowireCapableBeanFactory.java:757)
	at org.springframework.beans.factory.support.AbstractAutowireCapableBeanFactory.createBeanInstance(AbstractAutowireCapableBeanFactory.java:722)
	at org.springframework.beans.factory.support.AbstractAutowireCapableBeanFactory.createBean(AbstractAutowireCapableBeanFactory.java:386)
	at org.springframework.beans.factory.support.AbstractBeanFactory$1.getObject(AbstractBeanFactory.java:249)
	at org.springframework.beans.factory.support.DefaultSingletonBeanRegistry.getSingleton(DefaultSingletonBeanRegistry.java:155)
	at org.springframework.beans.factory.support.AbstractBeanFactory.getBean(AbstractBeanFactory.java:246)
	at org.springframework.beans.factory.support.AbstractBeanFactory.getBean(AbstractBeanFactory.java:160)
	at org.springframework.beans.factory.support.BeanDefinitionValueResolver.resolveReference(BeanDefinitionValueResolver.java:267)
	at org.springframework.beans.factory.support.BeanDefinitionValueResolver.resolveValueIfNecessary(BeanDefinitionValueResolver.java:110)
	at org.springframework.beans.factory.support.AbstractAutowireCapableBeanFactory.applyPropertyValues(AbstractAutowireCapableBeanFactory.java:1100)
	at org.springframework.beans.factory.support.AbstractAutowireCapableBeanFactory.populateBean(AbstractAutowireCapableBeanFactory.java:862)
	at org.springframework.beans.factory.support.AbstractAutowireCapableBeanFactory.createBean(AbstractAutowireCapableBeanFactory.java:423)
	at org.springframework.beans.factory.support.AbstractBeanFactory$1.getObject(AbstractBeanFactory.java:249)
	at org.springframework.beans.factory.support.DefaultSingletonBeanRegistry.getSingleton(DefaultSingletonBeanRegistry.java:155)
	at org.springframework.beans.factory.support.AbstractBeanFactory.getBean(AbstractBeanFactory.java:246)
	at org.springframework.beans.factory.support.AbstractBeanFactory.getBean(AbstractBeanFactory.java:160)
	at org.springframework.beans.factory.support.BeanDefinitionValueResolver.resolveReference(BeanDefinitionValueResolver.java:267)
	at org.springframework.beans.factory.support.BeanDefinitionValueResolver.resolveValueIfNecessary(BeanDefinitionValueResolver.java:110)
	at org.springframework.beans.factory.support.BeanDefinitionValueResolver.resolveManagedMap(BeanDefinitionValueResolver.java:320)
	at org.springframework.beans.factory.support.BeanDefinitionValueResolver.resolveValueIfNecessary(BeanDefinitionValueResolver.java:140)
	at org.springframework.beans.factory.support.AbstractAutowireCapableBeanFactory.applyPropertyValues(AbstractAutowireCapableBeanFactory.java:1100)
	at org.springframework.beans.factory.support.AbstractAutowireCapableBeanFactory.populateBean(AbstractAutowireCapableBeanFactory.java:862)
	at org.springframework.beans.factory.support.AbstractAutowireCapableBeanFactory.createBean(AbstractAutowireCapableBeanFactory.java:423)
	at org.springframework.beans.factory.support.AbstractBeanFactory$1.getObject(AbstractBeanFactory.java:249)
	at org.springframework.beans.factory.support.DefaultSingletonBeanRegistry.getSingleton(DefaultSingletonBeanRegistry.java:155)
	at org.springframework.beans.factory.support.AbstractBeanFactory.getBean(AbstractBeanFactory.java:246)
	at org.springframework.beans.factory.support.AbstractBeanFactory.getBean(AbstractBeanFactory.java:160)
	at org.springframework.beans.factory.support.DefaultListableBeanFactory.preInstantiateSingletons(DefaultListableBeanFactory.java:291)
	at org.springframework.context.support.AbstractApplicationContext.refresh(AbstractApplicationContext.java:352)
	at org.springframework.context.support.FileSystemXmlApplicationContext.<init>(FileSystemXmlApplicationContext.java:124)
	at org.springframework.context.support.FileSystemXmlApplicationContext.<init>(FileSystemXmlApplicationContext.java:68)
	at com.aspire.sims.rtplt.component.springhelper.BeanLocator.<init>(BeanLocator.java:119)
	at com.aspire.sims.rtplt.component.springhelper.BeanLocator.getInstance(BeanLocator.java:56)
	at com.aspire.sims.rtplt.component.security.util.AuthContextTimer.run(AuthContextTimer.java:34)
	at com.aspire.sims.rtplt.framework.portal.servlet.PortalInitServlet.initAuthContext(PortalInitServlet.java:146)
	at com.aspire.sims.rtplt.framework.portal.servlet.PortalInitServlet.init(PortalInitServlet.java:58)
	at javax.servlet.GenericServlet.init(GenericServlet.java:160)
	at org.apache.catalina.core.StandardWrapper.initServlet(StandardWrapper.java:1266)
	at org.apache.catalina.core.StandardWrapper.loadServlet(StandardWrapper.java:1185)
	at org.apache.catalina.core.StandardWrapper.load(StandardWrapper.java:1080)
	at org.apache.catalina.core.StandardContext.loadOnStartup(StandardContext.java:5027)
	at org.apache.catalina.core.StandardContext.startInternal(StandardContext.java:5314)
	at org.apache.catalina.util.LifecycleBase.start(LifecycleBase.java:150)
	at org.apache.catalina.core.ContainerBase$StartChild.call(ContainerBase.java:1559)
	at org.apache.catalina.core.ContainerBase$StartChild.call(ContainerBase.java:1549)
	at java.util.concurrent.FutureTask$Sync.innerRun(FutureTask.java:303)
	at java.util.concurrent.FutureTask.run(FutureTask.java:138)
	at java.util.concurrent.ThreadPoolExecutor$Worker.runTask(ThreadPoolExecutor.java:885)
	at java.util.concurrent.ThreadPoolExecutor$Worker.run(ThreadPoolExecutor.java:907)
	at java.lang.Thread.run(Thread.java:619)
2014-06-04 17:11:20,242 - Trying to use logger class org.apache.velocity.runtime.log.Log4JLogChute
2014-06-04 17:11:20,242 - Using logger class org.apache.velocity.runtime.log.Log4JLogChute
2014-06-04 17:11:20,244 - Default ResourceManager initializing. (class org.apache.velocity.runtime.resource.ResourceManagerImpl)
2014-06-04 17:11:20,246 - ResourceLoader instantiated: org.apache.velocity.runtime.resource.loader.ClasspathResourceLoader
2014-06-04 17:11:20,265 - ResourceCache: initialized (class org.apache.velocity.runtime.resource.ResourceCacheImpl)
2014-06-04 17:11:20,266 - Loaded System Directive: org.apache.velocity.runtime.directive.Literal
2014-06-04 17:11:20,268 - Loaded System Directive: org.apache.velocity.runtime.directive.Macro
2014-06-04 17:11:20,270 - Loaded System Directive: org.apache.velocity.runtime.directive.Parse
2014-06-04 17:11:20,271 - Loaded System Directive: org.apache.velocity.runtime.directive.Include
2014-06-04 17:11:20,272 - Loaded System Directive: org.apache.velocity.runtime.directive.Foreach
2014-06-04 17:11:20,306 - Created '20' parsers.
2014-06-04 17:11:20,413 - Velocimacro : "velocimacro.library" is not set.  Trying default library: VM_global_library.vm
2014-06-04 17:11:20,414 - Velocimacro : Default library not found.
2014-06-04 17:11:20,414 - Velocimacro : allowInline = true : VMs can be defined inline in templates
2014-06-04 17:11:20,414 - Velocimacro : allowInlineToOverride = false : VMs defined inline may NOT replace previous VM definitions
2014-06-04 17:11:20,414 - Velocimacro : allowInlineLocal = false : VMs defined inline will be global in scope if allowed.
2014-06-04 17:11:20,414 - Velocimacro : autoload off : VM system will not automatically reload global library macros
2014-06-05 09:06:06,245 - Log4JLogChute initialized using file 'velocity.log'
2014-06-05 09:06:06,266 - Starting Apache Velocity v1.5 (compiled: 2007-02-22 08:52:29)
2014-06-05 09:06:06,266 - Default Properties File: org\apache\velocity\runtime\defaults\velocity.properties
2014-06-05 09:06:06,266 - Trying to use logger class org.apache.velocity.runtime.log.AvalonLogChute
2014-06-05 09:06:06,267 - Couldn't find class org.apache.velocity.runtime.log.AvalonLogChute or necessary supporting classes in classpath.
java.lang.NoClassDefFoundError: org/apache/log/format/Formatter
	at java.lang.Class.forName0(Native Method)
	at java.lang.Class.forName(Class.java:247)
	at org.apache.velocity.util.ClassUtils.getClass(ClassUtils.java:63)
	at org.apache.velocity.util.ClassUtils.getNewInstance(ClassUtils.java:95)
	at org.apache.velocity.runtime.log.LogManager.createLogChute(LogManager.java:147)
	at org.apache.velocity.runtime.log.LogManager.updateLog(LogManager.java:208)
	at org.apache.velocity.runtime.RuntimeInstance.initializeLog(RuntimeInstance.java:728)
	at org.apache.velocity.runtime.RuntimeInstance.init(RuntimeInstance.java:240)
	at org.apache.velocity.runtime.RuntimeInstance.init(RuntimeInstance.java:534)
	at org.apache.velocity.app.VelocityEngine.init(VelocityEngine.java:144)
	at com.aspire.sims.rtplt.framework.ppm.MessageSender.<clinit>(MessageSender.java:31)
	at sun.reflect.NativeConstructorAccessorImpl.newInstance0(Native Method)
	at sun.reflect.NativeConstructorAccessorImpl.newInstance(NativeConstructorAccessorImpl.java:39)
	at sun.reflect.DelegatingConstructorAccessorImpl.newInstance(DelegatingConstructorAccessorImpl.java:27)
	at java.lang.reflect.Constructor.newInstance(Constructor.java:513)
	at org.springframework.beans.BeanUtils.instantiateClass(BeanUtils.java:85)
	at org.springframework.beans.factory.support.SimpleInstantiationStrategy.instantiate(SimpleInstantiationStrategy.java:61)
	at org.springframework.beans.factory.support.AbstractAutowireCapableBeanFactory.instantiateBean(AbstractAutowireCapableBeanFactory.java:757)
	at org.springframework.beans.factory.support.AbstractAutowireCapableBeanFactory.createBeanInstance(AbstractAutowireCapableBeanFactory.java:722)
	at org.springframework.beans.factory.support.AbstractAutowireCapableBeanFactory.createBean(AbstractAutowireCapableBeanFactory.java:386)
	at org.springframework.beans.factory.support.AbstractBeanFactory$1.getObject(AbstractBeanFactory.java:249)
	at org.springframework.beans.factory.support.DefaultSingletonBeanRegistry.getSingleton(DefaultSingletonBeanRegistry.java:155)
	at org.springframework.beans.factory.support.AbstractBeanFactory.getBean(AbstractBeanFactory.java:246)
	at org.springframework.beans.factory.support.AbstractBeanFactory.getBean(AbstractBeanFactory.java:160)
	at org.springframework.beans.factory.support.BeanDefinitionValueResolver.resolveReference(BeanDefinitionValueResolver.java:267)
	at org.springframework.beans.factory.support.BeanDefinitionValueResolver.resolveValueIfNecessary(BeanDefinitionValueResolver.java:110)
	at org.springframework.beans.factory.support.AbstractAutowireCapableBeanFactory.applyPropertyValues(AbstractAutowireCapableBeanFactory.java:1100)
	at org.springframework.beans.factory.support.AbstractAutowireCapableBeanFactory.populateBean(AbstractAutowireCapableBeanFactory.java:862)
	at org.springframework.beans.factory.support.AbstractAutowireCapableBeanFactory.createBean(AbstractAutowireCapableBeanFactory.java:423)
	at org.springframework.beans.factory.support.AbstractBeanFactory$1.getObject(AbstractBeanFactory.java:249)
	at org.springframework.beans.factory.support.DefaultSingletonBeanRegistry.getSingleton(DefaultSingletonBeanRegistry.java:155)
	at org.springframework.beans.factory.support.AbstractBeanFactory.getBean(AbstractBeanFactory.java:246)
	at org.springframework.beans.factory.support.AbstractBeanFactory.getBean(AbstractBeanFactory.java:160)
	at org.springframework.beans.factory.support.BeanDefinitionValueResolver.resolveReference(BeanDefinitionValueResolver.java:267)
	at org.springframework.beans.factory.support.BeanDefinitionValueResolver.resolveValueIfNecessary(BeanDefinitionValueResolver.java:110)
	at org.springframework.beans.factory.support.BeanDefinitionValueResolver.resolveManagedMap(BeanDefinitionValueResolver.java:320)
	at org.springframework.beans.factory.support.BeanDefinitionValueResolver.resolveValueIfNecessary(BeanDefinitionValueResolver.java:140)
	at org.springframework.beans.factory.support.AbstractAutowireCapableBeanFactory.applyPropertyValues(AbstractAutowireCapableBeanFactory.java:1100)
	at org.springframework.beans.factory.support.AbstractAutowireCapableBeanFactory.populateBean(AbstractAutowireCapableBeanFactory.java:862)
	at org.springframework.beans.factory.support.AbstractAutowireCapableBeanFactory.createBean(AbstractAutowireCapableBeanFactory.java:423)
	at org.springframework.beans.factory.support.AbstractBeanFactory$1.getObject(AbstractBeanFactory.java:249)
	at org.springframework.beans.factory.support.DefaultSingletonBeanRegistry.getSingleton(DefaultSingletonBeanRegistry.java:155)
	at org.springframework.beans.factory.support.AbstractBeanFactory.getBean(AbstractBeanFactory.java:246)
	at org.springframework.beans.factory.support.AbstractBeanFactory.getBean(AbstractBeanFactory.java:160)
	at org.springframework.beans.factory.support.DefaultListableBeanFactory.preInstantiateSingletons(DefaultListableBeanFactory.java:291)
	at org.springframework.context.support.AbstractApplicationContext.refresh(AbstractApplicationContext.java:352)
	at org.springframework.context.support.FileSystemXmlApplicationContext.<init>(FileSystemXmlApplicationContext.java:124)
	at org.springframework.context.support.FileSystemXmlApplicationContext.<init>(FileSystemXmlApplicationContext.java:68)
	at com.aspire.sims.rtplt.component.springhelper.BeanLocator.<init>(BeanLocator.java:119)
	at com.aspire.sims.rtplt.component.springhelper.BeanLocator.getInstance(BeanLocator.java:56)
	at com.aspire.sims.rtplt.component.security.util.AuthContextTimer.run(AuthContextTimer.java:34)
	at com.aspire.sims.rtplt.framework.portal.servlet.PortalInitServlet.initAuthContext(PortalInitServlet.java:146)
	at com.aspire.sims.rtplt.framework.portal.servlet.PortalInitServlet.init(PortalInitServlet.java:58)
	at javax.servlet.GenericServlet.init(GenericServlet.java:160)
	at org.apache.catalina.core.StandardWrapper.initServlet(StandardWrapper.java:1266)
	at org.apache.catalina.core.StandardWrapper.loadServlet(StandardWrapper.java:1185)
	at org.apache.catalina.core.StandardWrapper.load(StandardWrapper.java:1080)
	at org.apache.catalina.core.StandardContext.loadOnStartup(StandardContext.java:5027)
	at org.apache.catalina.core.StandardContext.startInternal(StandardContext.java:5314)
	at org.apache.catalina.util.LifecycleBase.start(LifecycleBase.java:150)
	at org.apache.catalina.core.ContainerBase$StartChild.call(ContainerBase.java:1559)
	at org.apache.catalina.core.ContainerBase$StartChild.call(ContainerBase.java:1549)
	at java.util.concurrent.FutureTask$Sync.innerRun(FutureTask.java:303)
	at java.util.concurrent.FutureTask.run(FutureTask.java:138)
	at java.util.concurrent.ThreadPoolExecutor$Worker.runTask(ThreadPoolExecutor.java:885)
	at java.util.concurrent.ThreadPoolExecutor$Worker.run(ThreadPoolExecutor.java:907)
	at java.lang.Thread.run(Thread.java:619)
2014-06-05 09:06:06,268 - Trying to use logger class org.apache.velocity.runtime.log.Log4JLogChute
2014-06-05 09:06:06,268 - Using logger class org.apache.velocity.runtime.log.Log4JLogChute
2014-06-05 09:06:06,271 - Default ResourceManager initializing. (class org.apache.velocity.runtime.resource.ResourceManagerImpl)
2014-06-05 09:06:06,273 - ResourceLoader instantiated: org.apache.velocity.runtime.resource.loader.ClasspathResourceLoader
2014-06-05 09:06:06,302 - ResourceCache: initialized (class org.apache.velocity.runtime.resource.ResourceCacheImpl)
2014-06-05 09:06:06,303 - Loaded System Directive: org.apache.velocity.runtime.directive.Literal
2014-06-05 09:06:06,305 - Loaded System Directive: org.apache.velocity.runtime.directive.Macro
2014-06-05 09:06:06,307 - Loaded System Directive: org.apache.velocity.runtime.directive.Parse
2014-06-05 09:06:06,309 - Loaded System Directive: org.apache.velocity.runtime.directive.Include
2014-06-05 09:06:06,310 - Loaded System Directive: org.apache.velocity.runtime.directive.Foreach
2014-06-05 09:06:06,350 - Created '20' parsers.
2014-06-05 09:06:06,457 - Velocimacro : "velocimacro.library" is not set.  Trying default library: VM_global_library.vm
2014-06-05 09:06:06,457 - Velocimacro : Default library not found.
2014-06-05 09:06:06,457 - Velocimacro : allowInline = true : VMs can be defined inline in templates
2014-06-05 09:06:06,457 - Velocimacro : allowInlineToOverride = false : VMs defined inline may NOT replace previous VM definitions
2014-06-05 09:06:06,457 - Velocimacro : allowInlineLocal = false : VMs defined inline will be global in scope if allowed.
2014-06-05 09:06:06,457 - Velocimacro : autoload off : VM system will not automatically reload global library macros
2014-06-05 13:43:47,688 - Log4JLogChute initialized using file 'velocity.log'
2014-06-05 13:43:47,689 - Starting Apache Velocity v1.5 (compiled: 2007-02-22 08:52:29)
2014-06-05 13:43:47,689 - Default Properties File: org\apache\velocity\runtime\defaults\velocity.properties
2014-06-05 13:43:47,689 - Trying to use logger class org.apache.velocity.runtime.log.AvalonLogChute
2014-06-05 13:43:47,689 - Couldn't find class org.apache.velocity.runtime.log.AvalonLogChute or necessary supporting classes in classpath.
java.lang.NoClassDefFoundError: org/apache/log/format/Formatter
	at java.lang.Class.forName0(Native Method)
	at java.lang.Class.forName(Class.java:247)
	at org.apache.velocity.util.ClassUtils.getClass(ClassUtils.java:63)
	at org.apache.velocity.util.ClassUtils.getNewInstance(ClassUtils.java:95)
	at org.apache.velocity.runtime.log.LogManager.createLogChute(LogManager.java:147)
	at org.apache.velocity.runtime.log.LogManager.updateLog(LogManager.java:208)
	at org.apache.velocity.runtime.RuntimeInstance.initializeLog(RuntimeInstance.java:728)
	at org.apache.velocity.runtime.RuntimeInstance.init(RuntimeInstance.java:240)
	at org.apache.velocity.runtime.RuntimeInstance.init(RuntimeInstance.java:534)
	at org.apache.velocity.app.VelocityEngine.init(VelocityEngine.java:144)
	at com.aspire.sims.rtplt.framework.ppm.MessageSender.<clinit>(MessageSender.java:31)
	at sun.reflect.NativeConstructorAccessorImpl.newInstance0(Native Method)
	at sun.reflect.NativeConstructorAccessorImpl.newInstance(NativeConstructorAccessorImpl.java:39)
	at sun.reflect.DelegatingConstructorAccessorImpl.newInstance(DelegatingConstructorAccessorImpl.java:27)
	at java.lang.reflect.Constructor.newInstance(Constructor.java:513)
	at org.springframework.beans.BeanUtils.instantiateClass(BeanUtils.java:85)
	at org.springframework.beans.factory.support.SimpleInstantiationStrategy.instantiate(SimpleInstantiationStrategy.java:61)
	at org.springframework.beans.factory.support.AbstractAutowireCapableBeanFactory.instantiateBean(AbstractAutowireCapableBeanFactory.java:757)
	at org.springframework.beans.factory.support.AbstractAutowireCapableBeanFactory.createBeanInstance(AbstractAutowireCapableBeanFactory.java:722)
	at org.springframework.beans.factory.support.AbstractAutowireCapableBeanFactory.createBean(AbstractAutowireCapableBeanFactory.java:386)
	at org.springframework.beans.factory.support.AbstractBeanFactory$1.getObject(AbstractBeanFactory.java:249)
	at org.springframework.beans.factory.support.DefaultSingletonBeanRegistry.getSingleton(DefaultSingletonBeanRegistry.java:155)
	at org.springframework.beans.factory.support.AbstractBeanFactory.getBean(AbstractBeanFactory.java:246)
	at org.springframework.beans.factory.support.AbstractBeanFactory.getBean(AbstractBeanFactory.java:160)
	at org.springframework.beans.factory.support.BeanDefinitionValueResolver.resolveReference(BeanDefinitionValueResolver.java:267)
	at org.springframework.beans.factory.support.BeanDefinitionValueResolver.resolveValueIfNecessary(BeanDefinitionValueResolver.java:110)
	at org.springframework.beans.factory.support.AbstractAutowireCapableBeanFactory.applyPropertyValues(AbstractAutowireCapableBeanFactory.java:1100)
	at org.springframework.beans.factory.support.AbstractAutowireCapableBeanFactory.populateBean(AbstractAutowireCapableBeanFactory.java:862)
	at org.springframework.beans.factory.support.AbstractAutowireCapableBeanFactory.createBean(AbstractAutowireCapableBeanFactory.java:423)
	at org.springframework.beans.factory.support.AbstractBeanFactory$1.getObject(AbstractBeanFactory.java:249)
	at org.springframework.beans.factory.support.DefaultSingletonBeanRegistry.getSingleton(DefaultSingletonBeanRegistry.java:155)
	at org.springframework.beans.factory.support.AbstractBeanFactory.getBean(AbstractBeanFactory.java:246)
	at org.springframework.beans.factory.support.AbstractBeanFactory.getBean(AbstractBeanFactory.java:160)
	at org.springframework.beans.factory.support.BeanDefinitionValueResolver.resolveReference(BeanDefinitionValueResolver.java:267)
	at org.springframework.beans.factory.support.BeanDefinitionValueResolver.resolveValueIfNecessary(BeanDefinitionValueResolver.java:110)
	at org.springframework.beans.factory.support.BeanDefinitionValueResolver.resolveManagedMap(BeanDefinitionValueResolver.java:320)
	at org.springframework.beans.factory.support.BeanDefinitionValueResolver.resolveValueIfNecessary(BeanDefinitionValueResolver.java:140)
	at org.springframework.beans.factory.support.AbstractAutowireCapableBeanFactory.applyPropertyValues(AbstractAutowireCapableBeanFactory.java:1100)
	at org.springframework.beans.factory.support.AbstractAutowireCapableBeanFactory.populateBean(AbstractAutowireCapableBeanFactory.java:862)
	at org.springframework.beans.factory.support.AbstractAutowireCapableBeanFactory.createBean(AbstractAutowireCapableBeanFactory.java:423)
	at org.springframework.beans.factory.support.AbstractBeanFactory$1.getObject(AbstractBeanFactory.java:249)
	at org.springframework.beans.factory.support.DefaultSingletonBeanRegistry.getSingleton(DefaultSingletonBeanRegistry.java:155)
	at org.springframework.beans.factory.support.AbstractBeanFactory.getBean(AbstractBeanFactory.java:246)
	at org.springframework.beans.factory.support.AbstractBeanFactory.getBean(AbstractBeanFactory.java:160)
	at org.springframework.beans.factory.support.DefaultListableBeanFactory.preInstantiateSingletons(DefaultListableBeanFactory.java:291)
	at org.springframework.context.support.AbstractApplicationContext.refresh(AbstractApplicationContext.java:352)
	at org.springframework.context.support.FileSystemXmlApplicationContext.<init>(FileSystemXmlApplicationContext.java:124)
	at org.springframework.context.support.FileSystemXmlApplicationContext.<init>(FileSystemXmlApplicationContext.java:68)
	at com.aspire.sims.rtplt.component.springhelper.BeanLocator.<init>(BeanLocator.java:119)
	at com.aspire.sims.rtplt.component.springhelper.BeanLocator.getInstance(BeanLocator.java:56)
	at com.aspire.sims.rtplt.component.security.util.AuthContextTimer.run(AuthContextTimer.java:34)
	at com.aspire.sims.rtplt.framework.portal.servlet.PortalInitServlet.initAuthContext(PortalInitServlet.java:146)
	at com.aspire.sims.rtplt.framework.portal.servlet.PortalInitServlet.init(PortalInitServlet.java:58)
	at javax.servlet.GenericServlet.init(GenericServlet.java:160)
	at org.apache.catalina.core.StandardWrapper.initServlet(StandardWrapper.java:1266)
	at org.apache.catalina.core.StandardWrapper.loadServlet(StandardWrapper.java:1185)
	at org.apache.catalina.core.StandardWrapper.load(StandardWrapper.java:1080)
	at org.apache.catalina.core.StandardContext.loadOnStartup(StandardContext.java:5027)
	at org.apache.catalina.core.StandardContext.startInternal(StandardContext.java:5314)
	at org.apache.catalina.util.LifecycleBase.start(LifecycleBase.java:150)
	at org.apache.catalina.core.ContainerBase$StartChild.call(ContainerBase.java:1559)
	at org.apache.catalina.core.ContainerBase$StartChild.call(ContainerBase.java:1549)
	at java.util.concurrent.FutureTask$Sync.innerRun(FutureTask.java:303)
	at java.util.concurrent.FutureTask.run(FutureTask.java:138)
	at java.util.concurrent.ThreadPoolExecutor$Worker.runTask(ThreadPoolExecutor.java:885)
	at java.util.concurrent.ThreadPoolExecutor$Worker.run(ThreadPoolExecutor.java:907)
	at java.lang.Thread.run(Thread.java:619)
2014-06-05 13:43:47,713 - Trying to use logger class org.apache.velocity.runtime.log.Log4JLogChute
2014-06-05 13:43:47,713 - Using logger class org.apache.velocity.runtime.log.Log4JLogChute
2014-06-05 13:43:47,716 - Default ResourceManager initializing. (class org.apache.velocity.runtime.resource.ResourceManagerImpl)
2014-06-05 13:43:47,718 - ResourceLoader instantiated: org.apache.velocity.runtime.resource.loader.ClasspathResourceLoader
2014-06-05 13:43:47,736 - ResourceCache: initialized (class org.apache.velocity.runtime.resource.ResourceCacheImpl)
2014-06-05 13:43:47,737 - Loaded System Directive: org.apache.velocity.runtime.directive.Literal
2014-06-05 13:43:47,738 - Loaded System Directive: org.apache.velocity.runtime.directive.Macro
2014-06-05 13:43:47,740 - Loaded System Directive: org.apache.velocity.runtime.directive.Parse
2014-06-05 13:43:47,741 - Loaded System Directive: org.apache.velocity.runtime.directive.Include
2014-06-05 13:43:47,742 - Loaded System Directive: org.apache.velocity.runtime.directive.Foreach
2014-06-05 13:43:47,861 - Created '20' parsers.
2014-06-05 13:43:47,869 - Velocimacro : "velocimacro.library" is not set.  Trying default library: VM_global_library.vm
2014-06-05 13:43:47,869 - Velocimacro : Default library not found.
2014-06-05 13:43:47,870 - Velocimacro : allowInline = true : VMs can be defined inline in templates
2014-06-05 13:43:47,870 - Velocimacro : allowInlineToOverride = false : VMs defined inline may NOT replace previous VM definitions
2014-06-05 13:43:47,870 - Velocimacro : allowInlineLocal = false : VMs defined inline will be global in scope if allowed.
2014-06-05 13:43:47,870 - Velocimacro : autoload off : VM system will not automatically reload global library macros
